<?xml version="1.0" encoding="UTF-8"?><testsuite name="nosetests" tests="15" errors="0" failures="5" skip="1"><testcase classname="tests.test_config.TestConfig" name="test_getconfig" time="0.002"></testcase><testcase classname="tests.test_detector.TestDetector" name="test_detect" time="0.002"><skipped type="unittest.case.SkipTest" message="Test not supported on non-GPIO device"><![CDATA[Exception: Test not supported on non-GPIO device
]]></skipped><system-out><![CDATA[setwarnings (False,) {}
setmode ('BCM',) {}
setup (20, 'IN') {}
]]></system-out></testcase><testcase classname="tests.test_morse.TestMorse" name="test_morsedecode" time="0.005"></testcase><testcase classname="tests.test_morse.TestMorse" name="test_morseencode" time="0.005"></testcase><testcase classname="tests.test_pathTools.TestPathTools" name="test_is_path_creatable" time="0.002"><failure type="builtins.AssertionError" message="None"><![CDATA[Traceback (most recent call last):
  File "D:\Python\Python34\Lib\unittest\case.py", line 58, in testPartExecutor
    yield
  File "D:\Python\Python34\Lib\unittest\case.py", line 577, in run
    testMethod()
  File "D:\Users\james\PycharmProjects\CERMMorse2.0\tests\test_pathTools.py", line 29, in test_is_path_creatable
    self.fail()
  File "D:\Python\Python34\Lib\unittest\case.py", line 642, in fail
    raise self.failureException(msg)
AssertionError: None
]]></failure></testcase><testcase classname="tests.test_pathTools.TestPathTools" name="test_is_path_exists_or_creatable" time="0.001"><failure type="builtins.AssertionError" message="None"><![CDATA[Traceback (most recent call last):
  File "D:\Python\Python34\Lib\unittest\case.py", line 58, in testPartExecutor
    yield
  File "D:\Python\Python34\Lib\unittest\case.py", line 577, in run
    testMethod()
  File "D:\Users\james\PycharmProjects\CERMMorse2.0\tests\test_pathTools.py", line 32, in test_is_path_exists_or_creatable
    self.fail()
  File "D:\Python\Python34\Lib\unittest\case.py", line 642, in fail
    raise self.failureException(msg)
AssertionError: None
]]></failure></testcase><testcase classname="tests.test_pathTools.TestPathTools" name="test_is_path_exists_or_creatable_portable" time="0.001"><failure type="builtins.AssertionError" message="None"><![CDATA[Traceback (most recent call last):
  File "D:\Python\Python34\Lib\unittest\case.py", line 58, in testPartExecutor
    yield
  File "D:\Python\Python34\Lib\unittest\case.py", line 577, in run
    testMethod()
  File "D:\Users\james\PycharmProjects\CERMMorse2.0\tests\test_pathTools.py", line 38, in test_is_path_exists_or_creatable_portable
    self.fail()
  File "D:\Python\Python34\Lib\unittest\case.py", line 642, in fail
    raise self.failureException(msg)
AssertionError: None
]]></failure></testcase><testcase classname="tests.test_pathTools.TestPathTools" name="test_is_path_sibling_creatable" time="0.001"><failure type="builtins.AssertionError" message="None"><![CDATA[Traceback (most recent call last):
  File "D:\Python\Python34\Lib\unittest\case.py", line 58, in testPartExecutor
    yield
  File "D:\Python\Python34\Lib\unittest\case.py", line 577, in run
    testMethod()
  File "D:\Users\james\PycharmProjects\CERMMorse2.0\tests\test_pathTools.py", line 35, in test_is_path_sibling_creatable
    self.fail()
  File "D:\Python\Python34\Lib\unittest\case.py", line 642, in fail
    raise self.failureException(msg)
AssertionError: None
]]></failure></testcase><testcase classname="tests.test_pathTools.TestPathTools" name="test_is_pathname_valid" time="0.001"><failure type="builtins.AssertionError" message="None"><![CDATA[Traceback (most recent call last):
  File "D:\Python\Python34\Lib\unittest\case.py", line 58, in testPartExecutor
    yield
  File "D:\Python\Python34\Lib\unittest\case.py", line 577, in run
    testMethod()
  File "D:\Users\james\PycharmProjects\CERMMorse2.0\tests\test_pathTools.py", line 26, in test_is_pathname_valid
    self.fail()
  File "D:\Python\Python34\Lib\unittest\case.py", line 642, in fail
    raise self.failureException(msg)
AssertionError: None
]]></failure></testcase><testcase classname="tests.test_playMorse.TestPlayMorse" name="test_playchar" time="0.000"></testcase><testcase classname="tests.test_relay.TestRelay" name="test_both" time="3.504"><system-out><![CDATA[setwarnings (False,) {}
setmode ('BCM',) {}
setmode (26, 'OUT') {'initial': 'HIGH'}
output (26, 'LOW') {}
output (26, 'HIGH') {}
output (26, 'HIGH') {}
output (26, 'LOW') {}
output (26, 'HIGH') {}
output (26, 'HIGH') {}
output (26, 'LOW') {}
output (26, 'HIGH') {}
]]></system-out></testcase><testcase classname="tests.test_relay.TestRelay" name="test_fire" time="1.002"><system-out><![CDATA[setwarnings (False,) {}
setmode ('BCM',) {}
setmode (26, 'OUT') {'initial': 'HIGH'}
output (26, 'LOW') {}
output (26, 'HIGH') {}
]]></system-out></testcase><testcase classname="tests.test_relay.TestRelay" name="test_pause" time="0.252"><system-out><![CDATA[setwarnings (False,) {}
setmode ('BCM',) {}
setmode (26, 'OUT') {'initial': 'HIGH'}
output (26, 'HIGH') {}
]]></system-out></testcase><testcase classname="tests.test_trainorder.TestTrainorder" name="test_gettrainorder" time="0.002"></testcase><testcase classname="tests.test_trainorder.TestTrainorder" name="test_numtrainorders" time="0.002"></testcase></testsuite>